<?xml version="1.0" encoding="UTF-8"?>
<testng-results ignored="0" total="1" passed="1" failed="0" skipped="0">
  <reporter-output>
  </reporter-output>
  <suite started-at="2023-01-18T12:27:42 IST" name="Suite" finished-at="2023-01-18T12:27:43 IST" duration-ms="941">
    <groups>
    </groups>
    <test started-at="2023-01-18T12:27:42 IST" name="BaseClass" finished-at="2023-01-18T12:27:43 IST" duration-ms="941">
      <class name="Test_Regression.LoginPage">
        <test-method is-config="true" signature="initializeDriver(java.lang.String)[pri:0, instance:Test_Regression.LoginPage@27508c5d]" started-at="2023-01-18T12:27:39 IST" name="initializeDriver" description="initializing Driver" finished-at="2023-01-18T12:27:42 IST" duration-ms="2938" status="PASS">
          <params>
            <param index="0">
              <value>
                <![CDATA[stage]]>
              </value>
            </param>
          </params>
          <reporter-output>
          </reporter-output>
        </test-method> <!-- initializeDriver -->
        <test-method signature="Invalid_email()[pri:1, instance:Test_Regression.LoginPage@27508c5d]" started-at="2023-01-18T12:27:42 IST" name="Invalid_email" finished-at="2023-01-18T12:27:43 IST" duration-ms="879" status="PASS">
          <reporter-output>
          </reporter-output>
        </test-method> <!-- Invalid_email -->
      </class> <!-- Test_Regression.LoginPage -->
    </test> <!-- BaseClass -->
  </suite> <!-- Suite -->
</testng-results>
